<?xml version="1.0" encoding="UTF-8"?>
<testsuite name="com.example.lion2.Lion2ApplicationTests" tests="1" skipped="0" failures="0" errors="0" timestamp="2026-03-24T12:35:15.694Z" hostname="gimseohuiui-MacBookAir.local" time="0.312">
  <properties/>
  <testcase name="contextLoads()" classname="com.example.lion2.Lion2ApplicationTests" time="0.312"/>
  <system-out><![CDATA[21:35:15.223 [Test worker] INFO org.springframework.test.context.support.AnnotationConfigContextLoaderUtils -- Could not detect default configuration classes for test class [com.example.lion2.Lion2ApplicationTests]: Lion2ApplicationTests does not declare any static, non-private, non-final, nested classes annotated with @Configuration.
21:35:15.255 [Test worker] INFO org.springframework.boot.test.context.SpringBootTestContextBootstrapper -- Found @SpringBootConfiguration com.example.lion2.Lion2Application for test class com.example.lion2.Lion2ApplicationTests

  .   ____          _            __ _ _
 /\\ / ___'_ __ _ _(_)_ __  __ _ \ \ \ \
( ( )\___ | '_ | '_| | '_ \/ _` | \ \ \ \
 \\/  ___)| |_)| | | | | || (_| |  ) ) ) )
  '  |____| .__|_| |_|_| |_\__, | / / / /
 =========|_|==============|___/=/_/_/_/

 :: Spring Boot ::               (v3.5.12)

2026-03-24T21:35:15.377+09:00  INFO 6434 --- [lion2] [    Test worker] c.example.lion2.Lion2ApplicationTests    : Starting Lion2ApplicationTests using Java 21.0.6 with PID 6434 (started by kimsuhhee in /Users/kimsuhhee/Documents/project/멋사14/lion02)
2026-03-24T21:35:15.378+09:00  INFO 6434 --- [lion2] [    Test worker] c.example.lion2.Lion2ApplicationTests    : No active profile set, falling back to 1 default profile: "default"
2026-03-24T21:35:15.606+09:00  INFO 6434 --- [lion2] [    Test worker] o.s.b.a.w.s.WelcomePageHandlerMapping    : Adding welcome page: class path resource [static/index.html]
2026-03-24T21:35:15.689+09:00  INFO 6434 --- [lion2] [    Test worker] c.example.lion2.Lion2ApplicationTests    : Started Lion2ApplicationTests in 0.391 seconds (process running for 0.738)
]]></system-out>
  <system-err><![CDATA[Mockito is currently self-attaching to enable the inline-mock-maker. This will no longer work in future releases of the JDK. Please add Mockito as an agent to your build as described in Mockito's documentation: https://javadoc.io/doc/org.mockito/mockito-core/latest/org.mockito/org/mockito/Mockito.html#0.3
WARNING: A Java agent has been loaded dynamically (/Users/kimsuhhee/.gradle/caches/modules-2/files-2.1/net.bytebuddy/byte-buddy-agent/1.17.8/f09415827a71be7ed621c7bd02550678f28bc81c/byte-buddy-agent-1.17.8.jar)
WARNING: If a serviceability tool is in use, please run with -XX:+EnableDynamicAgentLoading to hide this warning
WARNING: If a serviceability tool is not in use, please run with -Djdk.instrument.traceUsage for more information
WARNING: Dynamic loading of agents will be disallowed by default in a future release
]]></system-err>
</testsuite>
